#
# There is insufficient memory for the Java Runtime Environment to continue.
# Native memory allocation (malloc) failed to allocate 32744 bytes for ChunkPool::allocate
# Possible reasons:
#   The system is out of physical RAM or swap space
#   In 32 bit mode, the process size limit was hit
# Possible solutions:
#   Reduce memory load on the system
#   Increase physical memory or swap space
#   Check if swap backing store is full
#   Use 64 bit Java on a 64 bit OS
#   Decrease Java heap size (-Xmx/-Xms)
#   Decrease number of Java threads
#   Decrease Java thread stack sizes (-Xss)
#   Set larger code cache with -XX:ReservedCodeCacheSize=
# This output file may be truncated or incomplete.
#
#  Out of Memory Error (allocation.cpp:273), pid=9792, tid=0x0000000000003acc
#
# JRE version: Java(TM) SE Runtime Environment (8.0_121-b13) (build 1.8.0_121-b13)
# Java VM: Java HotSpot(TM) 64-Bit Server VM (25.121-b13 mixed mode windows-amd64 compressed oops)
# Failed to write core dump. Minidumps are not enabled by default on client versions of Windows
#

---------------  T H R E A D  ---------------

Current thread (0x0000000019f68800):  JavaThread "C1 CompilerThread3" daemon [_thread_in_native, id=15052, stack(0x000000001aa20000,0x000000001ab20000)]

Stack: [0x000000001aa20000,0x000000001ab20000]
[error occurred during error reporting (printing stack bounds), id 0xc0000005]

Native frames: (J=compiled Java code, j=interpreted, Vv=VM code, C=native code)


Current CompileTask:
C1:   5705   61 %     3       graph.Main::main @ 144 (951 bytes)


---------------  P R O C E S S  ---------------

Java Threads: ( => current thread )
  0x0000000019f82800 JavaThread "Service Thread" daemon [_thread_blocked, id=17700, stack(0x000000001ab20000,0x000000001ac20000)]
=>0x0000000019f68800 JavaThread "C1 CompilerThread3" daemon [_thread_in_native, id=15052, stack(0x000000001aa20000,0x000000001ab20000)]
  0x000000001804a000 JavaThread "C2 CompilerThread2" daemon [_thread_blocked, id=5684, stack(0x000000001a920000,0x000000001aa20000)]
  0x0000000019f61000 JavaThread "C2 CompilerThread1" daemon [_thread_blocked, id=4964, stack(0x000000001a820000,0x000000001a920000)]
  0x0000000019f5e000 JavaThread "C2 CompilerThread0" daemon [_thread_blocked, id=6172, stack(0x000000001a720000,0x000000001a820000)]
  0x0000000019f5c000 JavaThread "Attach Listener" daemon [_thread_blocked, id=11044, stack(0x000000001a620000,0x000000001a720000)]
  0x0000000019f5b000 JavaThread "Signal Dispatcher" daemon [_thread_blocked, id=11236, stack(0x000000001a520000,0x000000001a620000)]
  0x00000000030be000 JavaThread "Finalizer" daemon [_thread_blocked, id=11400, stack(0x000000001a330000,0x000000001a430000)]
  0x00000000030b5000 JavaThread "Reference Handler" daemon [_thread_blocked, id=16488, stack(0x0000000019e30000,0x0000000019f30000)]
  0x0000000002fc2800 JavaThread "main" [_thread_in_Java, id=15552, stack(0x0000000002ea0000,0x0000000002fa0000)]

Other Threads:
  0x0000000018038800 VMThread [stack: 0x0000000019d30000,0x0000000019e30000] [id=18472]
  0x0000000019f86800 WatcherThread [stack: 0x000000001ac20000,0x000000001ad20000] [id=7888]

VM state:not at safepoint (normal execution)

VM Mutex/Monitor currently owned by a thread: None

Heap:
 PSYoungGen      total 312832K, used 297915K [0x00000000d5f00000, 0x00000000f1080000, 0x0000000100000000)
  eden space 228864K, 100% used [0x00000000d5f00000,0x00000000e3e80000,0x00000000e3e80000)
  from space 83968K, 82% used [0x00000000e3e80000,0x00000000e81eec30,0x00000000e9080000)
  to   space 71680K, 0% used [0x00000000e9080000,0x00000000e9080000,0x00000000ed680000)
 ParOldGen       total 1119744K, used 1119447K [0x0000000081c00000, 0x00000000c6180000, 0x00000000d5f00000)
  object space 1119744K, 99% used [0x0000000081c00000,0x00000000c6135e78,0x00000000c6180000)
 Metaspace       used 3355K, capacity 4558K, committed 4864K, reserved 1056768K
  class space    used 381K, capacity 386K, committed 512K, reserved 1048576K

Card table byte_map: [0x0000000012480000,0x0000000012880000] byte_map_base: 0x0000000012072000

Marking Bits: (ParMarkBitMap*) 0x000000006abbb6d0
 Begin Bits: [0x0000000013330000, 0x00000000152c0000)
 End Bits:   [0x00000000152c0000, 0x0000000017250000)

Polling page: 0x0000000002dc0000

CodeCache: size=245760Kb used=1177Kb max_used=1177Kb free=244582Kb
 bounds [0x00000000030c0000, 0x0000000003330000, 0x00000000120c0000]
 total_blobs=301 nmethods=60 adapters=154
 compilation: enabled

Compilation events (10 events):
Event: 0.099 Thread 0x0000000019f68800 nmethod 56 0x00000000031e54d0 code [0x00000000031e5620, 0x00000000031e57b0]
Event: 0.099 Thread 0x0000000019f68800   59       3       java.util.regex.ASCII::isAscii (13 bytes)
Event: 0.099 Thread 0x0000000019f68800 nmethod 59 0x00000000031e5810 code [0x00000000031e5960, 0x00000000031e5af0]
Event: 0.099 Thread 0x0000000019f68800   57       3       java.util.regex.Pattern::next (33 bytes)
Event: 0.099 Thread 0x0000000019f68800 nmethod 57 0x00000000031e5b50 code [0x00000000031e5cc0, 0x00000000031e5f88]
Event: 0.099 Thread 0x0000000019f68800   58       1       java.util.regex.Pattern::flags (5 bytes)
Event: 0.099 Thread 0x0000000019f68800 nmethod 58 0x00000000031e60d0 code [0x00000000031e6220, 0x00000000031e6330]
Event: 2.516 Thread 0x0000000019f68800   60       1       java.nio.Buffer::position (5 bytes)
Event: 2.516 Thread 0x0000000019f68800 nmethod 60 0x00000000031e6390 code [0x00000000031e64e0, 0x00000000031e65f0]
Event: 5.669 Thread 0x0000000019f68800   61 %     3       graph.Main::main @ 144 (951 bytes)

GC Heap History (10 events):
Event: 5.525 GC heap before
{Heap before GC invocations=50 (full 38):
 PSYoungGen      total 312832K, used 297892K [0x00000000d5f00000, 0x00000000f1080000, 0x0000000100000000)
  eden space 228864K, 99% used [0x00000000d5f00000,0x00000000e3e7a600,0x00000000e3e80000)
  from space 83968K, 82% used [0x00000000e3e80000,0x00000000e81eec30,0x00000000e9080000)
  to   space 71680K, 0% used [0x00000000e9080000,0x00000000e9080000,0x00000000ed680000)
 ParOldGen       total 1116160K, used 1115657K [0x0000000081c00000, 0x00000000c5e00000, 0x00000000d5f00000)
  object space 1116160K, 99% used [0x0000000081c00000,0x00000000c5d82428,0x00000000c5e00000)
 Metaspace       used 3338K, capacity 4494K, committed 4864K, reserved 1056768K
  class space    used 381K, capacity 386K, committed 512K, reserved 1048576K
Event: 5.543 GC heap after
Heap after GC invocations=50 (full 38):
 PSYoungGen      total 312832K, used 297892K [0x00000000d5f00000, 0x00000000f1080000, 0x0000000100000000)
  eden space 228864K, 99% used [0x00000000d5f00000,0x00000000e3e7a600,0x00000000e3e80000)
  from space 83968K, 82% used [0x00000000e3e80000,0x00000000e81eec30,0x00000000e9080000)
  to   space 71680K, 0% used [0x00000000e9080000,0x00000000e9080000,0x00000000ed680000)
 ParOldGen       total 1116160K, used 1115657K [0x0000000081c00000, 0x00000000c5e00000, 0x00000000d5f00000)
  object space 1116160K, 99% used [0x0000000081c00000,0x00000000c5d82428,0x00000000c5e00000)
 Metaspace       used 3338K, capacity 4494K, committed 4864K, reserved 1056768K
  class space    used 381K, capacity 386K, committed 512K, reserved 1048576K
}
Event: 5.544 GC heap before
{Heap before GC invocations=51 (full 39):
 PSYoungGen      total 312832K, used 297892K [0x00000000d5f00000, 0x00000000f1080000, 0x0000000100000000)
  eden space 228864K, 99% used [0x00000000d5f00000,0x00000000e3e7a600,0x00000000e3e80000)
  from space 83968K, 82% used [0x00000000e3e80000,0x00000000e81eec30,0x00000000e9080000)
  to   space 71680K, 0% used [0x00000000e9080000,0x00000000e9080000,0x00000000ed680000)
 ParOldGen       total 1116160K, used 1116125K [0x0000000081c00000, 0x00000000c5e00000, 0x00000000d5f00000)
  object space 1116160K, 99% used [0x0000000081c00000,0x00000000c5df77e8,0x00000000c5e00000)
 Metaspace       used 3338K, capacity 4494K, committed 4864K, reserved 1056768K
  class space    used 381K, capacity 386K, committed 512K, reserved 1048576K
Event: 5.579 GC heap after
Heap after GC invocations=51 (full 39):
 PSYoungGen      total 312832K, used 297892K [0x00000000d5f00000, 0x00000000f1080000, 0x0000000100000000)
  eden space 228864K, 99% used [0x00000000d5f00000,0x00000000e3e7a600,0x00000000e3e80000)
  from space 83968K, 82% used [0x00000000e3e80000,0x00000000e81eec30,0x00000000e9080000)
  to   space 71680K, 0% used [0x00000000e9080000,0x00000000e9080000,0x00000000ed680000)
 ParOldGen       total 1116160K, used 1116125K [0x0000000081c00000, 0x00000000c5e00000, 0x00000000d5f00000)
  object space 1116160K, 99% used [0x0000000081c00000,0x00000000c5df77e8,0x00000000c5e00000)
 Metaspace       used 3338K, capacity 4494K, committed 4864K, reserved 1056768K
  class space    used 381K, capacity 386K, committed 512K, reserved 1048576K
}
Event: 5.580 GC heap before
{Heap before GC invocations=52 (full 40):
 PSYoungGen      total 312832K, used 297892K [0x00000000d5f00000, 0x00000000f1080000, 0x0000000100000000)
  eden space 228864K, 99% used [0x00000000d5f00000,0x00000000e3e7a600,0x00000000e3e80000)
  from space 83968K, 82% used [0x00000000e3e80000,0x00000000e81eec30,0x00000000e9080000)
  to   space 71680K, 0% used [0x00000000e9080000,0x00000000e9080000,0x00000000ed680000)
 ParOldGen       total 1117184K, used 1117181K [0x0000000081c00000, 0x00000000c5f00000, 0x00000000d5f00000)
  object space 1117184K, 99% used [0x0000000081c00000,0x00000000c5eff458,0x00000000c5f00000)
 Metaspace       used 3338K, capacity 4494K, committed 4864K, reserved 1056768K
  class space    used 381K, capacity 386K, committed 512K, reserved 1048576K
Event: 5.599 GC heap after
Heap after GC invocations=52 (full 40):
 PSYoungGen      total 312832K, used 297892K [0x00000000d5f00000, 0x00000000f1080000, 0x0000000100000000)
  eden space 228864K, 99% used [0x00000000d5f00000,0x00000000e3e7a600,0x00000000e3e80000)
  from space 83968K, 82% used [0x00000000e3e80000,0x00000000e81eec30,0x00000000e9080000)
  to   space 71680K, 0% used [0x00000000e9080000,0x00000000e9080000,0x00000000ed680000)
 ParOldGen       total 1117184K, used 1117181K [0x0000000081c00000, 0x00000000c5f00000, 0x00000000d5f00000)
  object space 1117184K, 99% used [0x0000000081c00000,0x00000000c5eff458,0x00000000c5f00000)
 Metaspace       used 3338K, capacity 4494K, committed 4864K, reserved 1056768K
  class space    used 381K, capacity 386K, committed 512K, reserved 1048576K
}
Event: 5.600 GC heap before
{Heap before GC invocations=53 (full 41):
 PSYoungGen      total 312832K, used 297892K [0x00000000d5f00000, 0x00000000f1080000, 0x0000000100000000)
  eden space 228864K, 99% used [0x00000000d5f00000,0x00000000e3e7a600,0x00000000e3e80000)
  from space 83968K, 82% used [0x00000000e3e80000,0x00000000e81eec30,0x00000000e9080000)
  to   space 71680K, 0% used [0x00000000e9080000,0x00000000e9080000,0x00000000ed680000)
 ParOldGen       total 1118208K, used 1118158K [0x0000000081c00000, 0x00000000c6000000, 0x00000000d5f00000)
  object space 1118208K, 99% used [0x0000000081c00000,0x00000000c5ff3828,0x00000000c6000000)
 Metaspace       used 3338K, capacity 4494K, committed 4864K, reserved 1056768K
  class space    used 381K, capacity 386K, committed 512K, reserved 1048576K
Event: 5.634 GC heap after
Heap after GC invocations=53 (full 41):
 PSYoungGen      total 312832K, used 297892K [0x00000000d5f00000, 0x00000000f1080000, 0x0000000100000000)
  eden space 228864K, 99% used [0x00000000d5f00000,0x00000000e3e7a600,0x00000000e3e80000)
  from space 83968K, 82% used [0x00000000e3e80000,0x00000000e81eec30,0x00000000e9080000)
  to   space 71680K, 0% used [0x00000000e9080000,0x00000000e9080000,0x00000000ed680000)
 ParOldGen       total 1118208K, used 1118158K [0x0000000081c00000, 0x00000000c6000000, 0x00000000d5f00000)
  object space 1118208K, 99% used [0x0000000081c00000,0x00000000c5ff3828,0x00000000c6000000)
 Metaspace       used 3338K, capacity 4494K, committed 4864K, reserved 1056768K
  class space    used 381K, capacity 386K, committed 512K, reserved 1048576K
}
Event: 5.634 GC heap before
{Heap before GC invocations=54 (full 42):
 PSYoungGen      total 312832K, used 297892K [0x00000000d5f00000, 0x00000000f1080000, 0x0000000100000000)
  eden space 228864K, 99% used [0x00000000d5f00000,0x00000000e3e7a600,0x00000000e3e80000)
  from space 83968K, 82% used [0x00000000e3e80000,0x00000000e81eec30,0x00000000e9080000)
  to   space 71680K, 0% used [0x00000000e9080000,0x00000000e9080000,0x00000000ed680000)
 ParOldGen       total 1118208K, used 1118197K [0x0000000081c00000, 0x00000000c6000000, 0x00000000d5f00000)
  object space 1118208K, 99% used [0x0000000081c00000,0x00000000c5ffd478,0x00000000c6000000)
 Metaspace       used 3338K, capacity 4494K, committed 4864K, reserved 1056768K
  class space    used 381K, capacity 386K, committed 512K, reserved 1048576K
Event: 5.654 GC heap after
Heap after GC invocations=54 (full 42):
 PSYoungGen      total 312832K, used 297892K [0x00000000d5f00000, 0x00000000f1080000, 0x0000000100000000)
  eden space 228864K, 99% used [0x00000000d5f00000,0x00000000e3e7a600,0x00000000e3e80000)
  from space 83968K, 82% used [0x00000000e3e80000,0x00000000e81eec30,0x00000000e9080000)
  to   space 71680K, 0% used [0x00000000e9080000,0x00000000e9080000,0x00000000ed680000)
 ParOldGen       total 1118208K, used 1118197K [0x0000000081c00000, 0x00000000c6000000, 0x00000000d5f00000)
  object space 1118208K, 99% used [0x0000000081c00000,0x00000000c5ffd478,0x00000000c6000000)
 Metaspace       used 3338K, capacity 4494K, committed 4864K, reserved 1056768K
  class space    used 381K, capacity 386K, committed 512K, reserved 1048576K
}

Deoptimization events (0 events):
No events

Internal exceptions (6 events):
Event: 0.024 Thread 0x0000000002fc2800 Exception <a 'java/lang/NoSuchMethodError': Method sun.misc.Unsafe.defineClass(Ljava/lang/String;[BII)Ljava/lang/Class; name or signature does not match> (0x00000000d5f07ca8) thrown at [C:\re\workspace\8-2-build-windows-amd64-cygwin\jdk8u121\8372\hotspot\
Event: 0.024 Thread 0x0000000002fc2800 Exception <a 'java/lang/NoSuchMethodError': Method sun.misc.Unsafe.prefetchRead(Ljava/lang/Object;J)V name or signature does not match> (0x00000000d5f07f90) thrown at [C:\re\workspace\8-2-build-windows-amd64-cygwin\jdk8u121\8372\hotspot\src\share\vm\prims
Event: 0.088 Thread 0x0000000002fc2800 Exception <a 'java/security/PrivilegedActionException'> (0x00000000d5f94ce0) thrown at [C:\re\workspace\8-2-build-windows-amd64-cygwin\jdk8u121\8372\hotspot\src\share\vm\prims\jvm.cpp, line 1390]
Event: 0.088 Thread 0x0000000002fc2800 Exception <a 'java/security/PrivilegedActionException'> (0x00000000d5f950d8) thrown at [C:\re\workspace\8-2-build-windows-amd64-cygwin\jdk8u121\8372\hotspot\src\share\vm\prims\jvm.cpp, line 1390]
Event: 0.089 Thread 0x0000000002fc2800 Exception <a 'java/security/PrivilegedActionException'> (0x00000000d5f991d0) thrown at [C:\re\workspace\8-2-build-windows-amd64-cygwin\jdk8u121\8372\hotspot\src\share\vm\prims\jvm.cpp, line 1390]
Event: 0.089 Thread 0x0000000002fc2800 Exception <a 'java/security/PrivilegedActionException'> (0x00000000d5f995c8) thrown at [C:\re\workspace\8-2-build-windows-amd64-cygwin\jdk8u121\8372\hotspot\src\share\vm\prims\jvm.cpp, line 1390]

Events (10 events):
Event: 5.525 Executing VM operation: ParallelGCFailedAllocation
Event: 5.544 Executing VM operation: ParallelGCFailedAllocation done
Event: 5.544 Executing VM operation: ParallelGCFailedAllocation
Event: 5.579 Executing VM operation: ParallelGCFailedAllocation done
Event: 5.580 Executing VM operation: ParallelGCFailedAllocation
Event: 5.600 Executing VM operation: ParallelGCFailedAllocation done
Event: 5.600 Executing VM operation: ParallelGCFailedAllocation
Event: 5.634 Executing VM operation: ParallelGCFailedAllocation done
Event: 5.634 Executing VM operation: ParallelGCFailedAllocation
Event: 5.655 Executing VM operation: ParallelGCFailedAllocation done


Dynamic libraries:
0x00007ff6f8290000 - 0x00007ff6f82c7000 	C:\Program Files\Java\jdk1.8.0_121\bin\javaw.exe
0x00007ffca9f40000 - 0x00007ffcaa111000 	C:\WINDOWS\SYSTEM32\ntdll.dll
0x00007ffca7ec0000 - 0x00007ffca7f6b000 	C:\WINDOWS\System32\KERNEL32.DLL
0x00007ffca7160000 - 0x00007ffca737d000 	C:\WINDOWS\System32\KERNELBASE.dll
0x00007ffca9a50000 - 0x00007ffca9af2000 	C:\WINDOWS\System32\ADVAPI32.dll
0x00007ffca97d0000 - 0x00007ffca986e000 	C:\WINDOWS\System32\msvcrt.dll
0x00007ffca99f0000 - 0x00007ffca9a49000 	C:\WINDOWS\System32\sechost.dll
0x00007ffca7b80000 - 0x00007ffca7ca1000 	C:\WINDOWS\System32\RPCRT4.dll
0x00007ffca9b00000 - 0x00007ffca9c65000 	C:\WINDOWS\System32\USER32.dll
0x00007ffca66c0000 - 0x00007ffca66de000 	C:\WINDOWS\System32\win32u.dll
0x00007ffca7ce0000 - 0x00007ffca7d14000 	C:\WINDOWS\System32\GDI32.dll
0x00007ffca6430000 - 0x00007ffca65b2000 	C:\WINDOWS\System32\gdi32full.dll
0x00007ffc9b330000 - 0x00007ffc9b5aa000 	C:\WINDOWS\WinSxS\amd64_microsoft.windows.common-controls_6595b64144ccf1df_6.0.14393.953_none_42151e83c686086b\COMCTL32.dll
0x00007ffca9c70000 - 0x00007ffca9f38000 	C:\WINDOWS\System32\combase.dll
0x00007ffca65c0000 - 0x00007ffca66b5000 	C:\WINDOWS\System32\ucrtbase.dll
0x00007ffca6ed0000 - 0x00007ffca6f3a000 	C:\WINDOWS\System32\bcryptPrimitives.dll
0x00007ffca8120000 - 0x00007ffca814e000 	C:\WINDOWS\System32\IMM32.DLL
0x000000006adf0000 - 0x000000006aec2000 	C:\Program Files\Java\jdk1.8.0_121\jre\bin\msvcr100.dll
0x000000006a3a0000 - 0x000000006ac3b000 	C:\Program Files\Java\jdk1.8.0_121\jre\bin\server\jvm.dll
0x00007ffca7f70000 - 0x00007ffca7f78000 	C:\WINDOWS\System32\PSAPI.DLL
0x00007ffca4650000 - 0x00007ffca4673000 	C:\WINDOWS\SYSTEM32\WINMM.dll
0x00007ffc96df0000 - 0x00007ffc96dfa000 	C:\WINDOWS\SYSTEM32\VERSION.dll
0x00007ffc98ed0000 - 0x00007ffc98ed9000 	C:\WINDOWS\SYSTEM32\WSOCK32.dll
0x00007ffca8250000 - 0x00007ffca82ba000 	C:\WINDOWS\System32\WS2_32.dll
0x0000000001230000 - 0x000000000125b000 	C:\WINDOWS\SYSTEM32\WINMMBASE.dll
0x00007ffca6f40000 - 0x00007ffca6f82000 	C:\WINDOWS\System32\cfgmgr32.dll
0x000000006af90000 - 0x000000006af9f000 	C:\Program Files\Java\jdk1.8.0_121\jre\bin\verify.dll
0x000000006af60000 - 0x000000006af89000 	C:\Program Files\Java\jdk1.8.0_121\jre\bin\java.dll
0x000000006af40000 - 0x000000006af56000 	C:\Program Files\Java\jdk1.8.0_121\jre\bin\zip.dll
0x00007ffca82c0000 - 0x00007ffca97c9000 	C:\WINDOWS\System32\SHELL32.dll
0x00007ffca67f0000 - 0x00007ffca6eca000 	C:\WINDOWS\System32\windows.storage.dll
0x00007ffca63e0000 - 0x00007ffca642c000 	C:\WINDOWS\System32\powrprof.dll
0x00007ffca79c0000 - 0x00007ffca7a12000 	C:\WINDOWS\System32\shlwapi.dll
0x00007ffca63a0000 - 0x00007ffca63af000 	C:\WINDOWS\System32\kernel.appcore.dll
0x00007ffca6740000 - 0x00007ffca67e9000 	C:\WINDOWS\System32\shcore.dll
0x00007ffca63b0000 - 0x00007ffca63c4000 	C:\WINDOWS\System32\profapi.dll

VM Arguments:
jvm_args: -Dfile.encoding=Cp1252 
java_command: graph.Main
java_class_path (initial): C:\Users\Leung\Documents\Developer\workspace\graph\bin
Launcher Type: SUN_STANDARD

Environment Variables:
PATH=C:/Program Files/Java/jdk1.8.0_121/bin/../jre/bin/server;C:/Program Files/Java/jdk1.8.0_121/bin/../jre/bin;C:/Program Files/Java/jdk1.8.0_121/bin/../jre/lib/amd64;C:\Windows\system32;C:\Windows;C:\Windows\System32\Wbem;C:\Windows\System32\WindowsPowerShell\v1.0\;C:\Program Files (x86)\NVIDIA Corporation\PhysX\Common;C:\WINDOWS\system32;C:\WINDOWS;C:\WINDOWS\System32\Wbem;C:\WINDOWS\System32\WindowsPowerShell\v1.0\;C:\WINDOWS\system32\config\systemprofile\.dnx\bin;C:\Program Files\Microsoft DNX\Dnvm\;C:\Program Files\Microsoft SQL Server\130\Tools\Binn\;C:\Program Files\Git\cmd;C:\Program Files\nodejs\;C:\Program Files (x86)\Microsoft SQL Server\Client SDK\ODBC\130\Tools\Binn\;C:\Program Files (x86)\Microsoft SQL Server\130\Tools\Binn\;C:\Program Files (x86)\Microsoft SQL Server\130\DTS\Binn\;C:\Program Files (x86)\Microsoft SQL Server\130\Tools\Binn\ManagementStudio\;C:\Program Files (x86)\Microsoft SQL Server\110\DTS\Binn\;C:\Program Files (x86)\Microsoft SQL Server\120\DTS\Binn\;C:\Program Files\Microsoft SQL Server\110\Tools\Binn\;C:\Program Files (x86)\Microsoft SQL Server\110\Tools\Binn\ManagementStudio\;C:\Program Files (x86)\Microsoft SQL Server\110\Tools\Binn\;C:\Users\Leung\AppData\Local\Microsoft\WindowsApps;C:\Users\Leung\AppData\Roaming\npm;C:\Users\Leung\Desktop;
USERNAME=Leung
OS=Windows_NT
PROCESSOR_IDENTIFIER=Intel64 Family 6 Model 60 Stepping 3, GenuineIntel



---------------  S Y S T E M  ---------------

OS: Windows 10.0 , 64 bit Build 14393 (10.0.14393.0)

CPU:total 8 (4 cores per cpu, 2 threads per core) family 6 model 60 stepping 3, cmov, cx8, fxsr, mmx, sse, sse2, sse3, ssse3, sse4.1, sse4.2, popcnt, avx, avx2, aes, clmul, erms, lzcnt, ht, tsc, tscinvbit, bmi1, bmi2

Memory: 4k page, physical 8269868k(163020k free), swap 22790056k(65284k free)

vm_info: Java HotSpot(TM) 64-Bit Server VM (25.121-b13) for windows-amd64 JRE (1.8.0_121-b13), built on Dec 12 2016 18:21:36 by "java_re" with MS VC++ 10.0 (VS2010)

time: Tue Apr 04 22:44:06 2017
elapsed time: 5 seconds (0d 0h 0m 5s)

